<?xml version="1.0" encoding="UTF-8" ?>
<testsuite failures="1" time="0.008" errors="0" skipped="0" tests="1" name="org.mmpp.sample.text.util.WordTextUtilTest">
  <properties>
    <property name="java.runtime.name" value="Java(TM) SE Runtime Environment"/>
    <property name="sun.boot.library.path" value="/usr/local/jdk1.6.0_24/jre/lib/amd64"/>
    <property name="java.vm.version" value="19.1-b02"/>
    <property name="java.vm.vendor" value="Sun Microsystems Inc."/>
    <property name="java.vendor.url" value="http://java.sun.com/"/>
    <property name="path.separator" value=":"/>
    <property name="java.vm.name" value="Java HotSpot(TM) 64-Bit Server VM"/>
    <property name="file.encoding.pkg" value="sun.io"/>
    <property name="user.country" value="JP"/>
    <property name="sun.java.launcher" value="SUN_STANDARD"/>
    <property name="sun.os.patch.level" value="unknown"/>
    <property name="java.vm.specification.name" value="Java Virtual Machine Specification"/>
    <property name="user.dir" value="/home/kou/workspaces/twitter.workspace/TwitterRobots.prj"/>
    <property name="java.runtime.version" value="1.6.0_24-b07"/>
    <property name="java.awt.graphicsenv" value="sun.awt.X11GraphicsEnvironment"/>
    <property name="basedir" value="/home/kou/workspaces/twitter.workspace/TwitterRobots.prj"/>
    <property name="java.endorsed.dirs" value="/usr/local/jdk1.6.0_24/jre/lib/endorsed"/>
    <property name="os.arch" value="amd64"/>
    <property name="surefire.real.class.path" value="/home/kou/workspaces/twitter.workspace/TwitterRobots.prj/target/surefire/surefirebooter7077673325829173715.jar"/>
    <property name="java.io.tmpdir" value="/tmp"/>
    <property name="line.separator" value="
"/>
    <property name="java.vm.specification.vendor" value="Sun Microsystems Inc."/>
    <property name="os.name" value="Linux"/>
    <property name="sun.jnu.encoding" value="UTF-8"/>
    <property name="java.library.path" value="/usr/local/jdk1.6.0_24/jre/lib/amd64/server:/usr/local/jdk1.6.0_24/jre/lib/amd64:/usr/local/jdk1.6.0_24/jre/../lib/amd64:/usr/java/packages/lib/amd64:/usr/lib64:/lib64:/lib:/usr/lib"/>
    <property name="surefire.test.class.path" value="/home/kou/workspaces/twitter.workspace/TwitterRobots.prj/target/test-classes:/home/kou/workspaces/twitter.workspace/TwitterRobots.prj/target/classes:/home/kou/.m2/repository/org/twitter4j/twitter4j-core/2.2.4-SNAPSHOT/twitter4j-core-2.2.4-SNAPSHOT.jar:/home/kou/.m2/repository/org/springframework/spring-core/3.0.5.RELEASE/spring-core-3.0.5.RELEASE.jar:/home/kou/.m2/repository/org/springframework/spring-asm/3.0.5.RELEASE/spring-asm-3.0.5.RELEASE.jar:/home/kou/.m2/repository/commons-logging/commons-logging/1.1.1/commons-logging-1.1.1.jar:/home/kou/.m2/repository/org/springframework/spring-context/3.0.5.RELEASE/spring-context-3.0.5.RELEASE.jar:/home/kou/.m2/repository/org/springframework/spring-aop/3.0.5.RELEASE/spring-aop-3.0.5.RELEASE.jar:/home/kou/.m2/repository/aopalliance/aopalliance/1.0/aopalliance-1.0.jar:/home/kou/.m2/repository/org/springframework/spring-expression/3.0.5.RELEASE/spring-expression-3.0.5.RELEASE.jar:/home/kou/.m2/repository/org/springframework/spring-beans/3.0.5.RELEASE/spring-beans-3.0.5.RELEASE.jar:/home/kou/.m2/repository/org/mmpp/twitter-plugin-api/0.0.1/twitter-plugin-api-0.0.1.jar:/home/kou/.m2/repository/org/mmpp/twitter-plugin-incubator/0.0.1/twitter-plugin-incubator-0.0.1.jar:/home/kou/.m2/repository/org/mmpp/twitter-api/0.0.1/twitter-api-0.0.1.jar:"/>
    <property name="java.specification.name" value="Java Platform API Specification"/>
    <property name="java.class.version" value="50.0"/>
    <property name="sun.management.compiler" value="HotSpot 64-Bit Server Compiler"/>
    <property name="os.version" value="2.6.38-10-generic"/>
    <property name="user.home" value="/home/kou"/>
    <property name="user.timezone" value=""/>
    <property name="java.awt.printerjob" value="sun.print.PSPrinterJob"/>
    <property name="file.encoding" value="UTF-8"/>
    <property name="java.specification.version" value="1.6"/>
    <property name="user.name" value="kou"/>
    <property name="java.class.path" value="/home/kou/workspaces/twitter.workspace/TwitterRobots.prj/target/test-classes:/home/kou/workspaces/twitter.workspace/TwitterRobots.prj/target/classes:/home/kou/.m2/repository/org/twitter4j/twitter4j-core/2.2.4-SNAPSHOT/twitter4j-core-2.2.4-SNAPSHOT.jar:/home/kou/.m2/repository/org/springframework/spring-core/3.0.5.RELEASE/spring-core-3.0.5.RELEASE.jar:/home/kou/.m2/repository/org/springframework/spring-asm/3.0.5.RELEASE/spring-asm-3.0.5.RELEASE.jar:/home/kou/.m2/repository/commons-logging/commons-logging/1.1.1/commons-logging-1.1.1.jar:/home/kou/.m2/repository/org/springframework/spring-context/3.0.5.RELEASE/spring-context-3.0.5.RELEASE.jar:/home/kou/.m2/repository/org/springframework/spring-aop/3.0.5.RELEASE/spring-aop-3.0.5.RELEASE.jar:/home/kou/.m2/repository/aopalliance/aopalliance/1.0/aopalliance-1.0.jar:/home/kou/.m2/repository/org/springframework/spring-expression/3.0.5.RELEASE/spring-expression-3.0.5.RELEASE.jar:/home/kou/.m2/repository/org/springframework/spring-beans/3.0.5.RELEASE/spring-beans-3.0.5.RELEASE.jar:/home/kou/.m2/repository/org/mmpp/twitter-plugin-api/0.0.1/twitter-plugin-api-0.0.1.jar:/home/kou/.m2/repository/org/mmpp/twitter-plugin-incubator/0.0.1/twitter-plugin-incubator-0.0.1.jar:/home/kou/.m2/repository/org/mmpp/twitter-api/0.0.1/twitter-api-0.0.1.jar:"/>
    <property name="java.vm.specification.version" value="1.0"/>
    <property name="sun.arch.data.model" value="64"/>
    <property name="java.home" value="/usr/local/jdk1.6.0_24/jre"/>
    <property name="java.specification.vendor" value="Sun Microsystems Inc."/>
    <property name="user.language" value="ja"/>
    <property name="java.vm.info" value="mixed mode"/>
    <property name="java.version" value="1.6.0_24"/>
    <property name="java.ext.dirs" value="/usr/local/jdk1.6.0_24/jre/lib/ext:/usr/java/packages/lib/ext"/>
    <property name="sun.boot.class.path" value="/usr/local/jdk1.6.0_24/jre/lib/resources.jar:/usr/local/jdk1.6.0_24/jre/lib/rt.jar:/usr/local/jdk1.6.0_24/jre/lib/sunrsasign.jar:/usr/local/jdk1.6.0_24/jre/lib/jsse.jar:/usr/local/jdk1.6.0_24/jre/lib/jce.jar:/usr/local/jdk1.6.0_24/jre/lib/charsets.jar:/usr/local/jdk1.6.0_24/jre/lib/modules/jdk.boot.jar:/usr/local/jdk1.6.0_24/jre/classes"/>
    <property name="java.vendor" value="Sun Microsystems Inc."/>
    <property name="localRepository" value="/home/kou/.m2/repository"/>
    <property name="file.separator" value="/"/>
    <property name="java.vendor.url.bug" value="http://java.sun.com/cgi-bin/bugreport.cgi"/>
    <property name="sun.cpu.endian" value="little"/>
    <property name="sun.io.unicode.encoding" value="UnicodeLittle"/>
    <property name="sun.desktop" value="gnome"/>
    <property name="sun.cpu.isalist" value=""/>
  </properties>
  <testcase time="0.005" classname="org.mmpp.sample.text.util.WordTextUtilTest" name="org.mmpp.sample.text.util.WordTextUtilTest.testGetText">
    <failure message="org/junit/Assert" type="java.lang.NoClassDefFoundError">java.lang.NoClassDefFoundError: org/junit/Assert
	at org.mmpp.sample.text.util.WordTextUtilTest.testGetText(WordTextUtilTest.java:17)
Caused by: java.lang.ClassNotFoundException: org.junit.Assert
	at java.net.URLClassLoader$1.run(URLClassLoader.java:202)
	at java.security.AccessController.doPrivileged(Native Method)
	at java.net.URLClassLoader.findClass(URLClassLoader.java:190)
	at java.lang.ClassLoader.loadClass(ClassLoader.java:307)
	at sun.misc.Launcher$AppClassLoader.loadClass(Launcher.java:301)
	at java.lang.ClassLoader.loadClass(ClassLoader.java:248)
	... 19 more
</failure>
    <system-out>@HL
@HL-------------------------------------------------------
@HL T E S T S
@HL-------------------------------------------------------
@SLRunning org.mmpp.sample.text.util.WordTextUtilTest
</system-out>
  </testcase>
</testsuite>